
Configuring for:
  hash table:       80000000 bases.
  read stream:    1000000000 bases.


       Raw          Raw  Corrected    Corrected    Trimmed      Trimmed
     Reads        Bases      Reads        Bases      Reads        Bases
---------- ------------ ---------- ------------ ---------- ------------
       242      2253559        239      2143578        214      1797602
       484      4342254        479      4115622        434      3602554
       726      6416802        718      6070937        647      5347380
       968      8718421        959      8238275        866      7248266
      1210     10780574       1199     10207516       1079      8986947
      1452     13135153       1437     12430129       1292     10944891
      1694     15440116       1674     14587549       1505     12861789
      1936     17664636       1910     16678725       1711     14639100
      2178     19746621       2144     18600407       1925     16304433
      2420     22004436       2383     20730496       2135     18106548
      2662     24211830       2620     22783435       2353     19879882
      2904     26699627       2859     25158636       2572     21863274
      3146     29312462       3099     27633188       2793     23960765
      3388     31527536       3337     29706741       3010     25674159
      3630     33737447       3575     31804492       3217     27436839
      3872     35971891       3811     33899871       3427     29269819
      4114     38145502       4051     35957167       3644     31105416
      4356     40186629       4288     37892036       3852     32830576
      4598     42545561       4528     40132551       4067     34806976
      4840     44783859       4766     42234804       4279     36715716
      5082     46722900       5003     44065786       4496     38325166
      5324     48976470       5241     46189286       4723     40226960
      5566     51140405       5480     48222148       4944     42079090
      5808     53393225       5718     50336293       5160     43914559
      6050     55646752       5953     52410861       5377     45737991
      6292     57957828       6189     54569615       5585     47565115
      6534     60262729       6427     56732431       5789     49406849
      6776     62483642       6665     58809785       6002     51282702
      7018     64738452       6902     60928098       6222     53135604
      7260     67025106       7141     63100773       6435     54961677
      7502     69390761       7376     65306046       6650     56894444
      7744     71544135       7613     67335058       6865     58685509
      7986     73883524       7853     69557046       7079     60618867
      8228     75849045       8093     71402956       7297     62192532
      8470     78088790       8332     73536422       7523     64178528
      8712     80327332       8572     75662858       7738     66023872
      8954     82570772       8809     77788065       7951     67852469
      9196     85103571       9049     80179379       8166     69956869
---------- ------------ ---------- ------------ ---------- ------------
      9424     87459672       9272     82371056       8367     71980933

  Job       Hash Range        # Reads      # Bases      Stream Range        # Reads      # Bases
----- --------------------- --------- ------------  --------------------- --------- ------------
    1          1-9424            8367     71989300           1-9424            8367     71989300
