
Found perl:
   /usr/bin/perl
   This is perl 5, version 18, subversion 2 (v5.18.2) built for darwin-thread-multi-2level

Found java:
   /usr/bin/java
   java version "1.8.0_191"

Found canu:
   /Users/admin/Desktop/Ash/canu/Darwin-amd64/bin/canu
   Canu snapshot v1.7 +518 changes (r9210 22a2453af2eafd0109c9924b648e91711eb3c701)

Running job 2 based on command line options.

Attempting to increase maximum allowed processes and open files.
  Changed max processes per user from 709 to 709 (max 1064).
./scripts/2-sort.sh: line 79: [: unlimited: integer expression expected
  Max open files limited to 256, no increase possible.


Finding overlaps.
  found       4202 overlaps in './ecoli.ovlStore.BUILDING/bucket0001/sliceSizes'.

Loading       4202 overlaps using 0.00 GB of allowed (-M) 1 GB memory.
  loading       4202 overlaps from './ecoli.ovlStore.BUILDING/bucket0001/slice0002'.

Sorting.

Writing sorted overlaps.
  created './ecoli.ovlStore.BUILDING/0002' with 4202 overlaps for reads 9281 to 9424.
Success!
