
Configuring for:
  hash table:       80000000 bases.
  read stream:    1000000000 bases.


       Raw          Raw  Corrected    Corrected    Trimmed      Trimmed
     Reads        Bases      Reads        Bases      Reads        Bases
---------- ------------ ---------- ------------ ---------- ------------
       242      2253559        239      2143578          0            0
       484      4342254        479      4115622          0            0
       726      6416802        718      6070937          0            0
       968      8718421        959      8238275          0            0
      1210     10780574       1199     10207516          0            0
      1452     13135153       1437     12430129          0            0
      1694     15440116       1674     14587549          0            0
      1936     17664636       1910     16678725          0            0
      2178     19746621       2144     18600407          0            0
      2420     22004436       2383     20730496          0            0
      2662     24211830       2620     22783435          0            0
      2904     26699627       2859     25158636          0            0
      3146     29312462       3099     27633188          0            0
      3388     31527536       3337     29706741          0            0
      3630     33737447       3575     31804492          0            0
      3872     35971891       3811     33899871          0            0
      4114     38145502       4051     35957167          0            0
      4356     40186629       4288     37892036          0            0
      4598     42545561       4528     40132551          0            0
      4840     44783859       4766     42234804          0            0
      5082     46722900       5003     44065786          0            0
      5324     48976470       5241     46189286          0            0
      5566     51140405       5480     48222148          0            0
      5808     53393225       5718     50336293          0            0
      6050     55646752       5953     52410861          0            0
      6292     57957828       6189     54569615          0            0
      6534     60262729       6427     56732431          0            0
      6776     62483642       6665     58809785          0            0
      7018     64738452       6902     60928098          0            0
      7260     67025106       7141     63100773          0            0
      7502     69390761       7376     65306046          0            0
      7744     71544135       7613     67335058          0            0
      7986     73883524       7853     69557046          0            0
      8228     75849045       8093     71402956          0            0
      8470     78088790       8332     73536422          0            0
      8712     80327332       8572     75662858          0            0
      8954     82570772       8809     77788065          0            0
      9196     85103571       9049     80179379          0            0
---------- ------------ ---------- ------------ ---------- ------------
      9424     87459672       9272     82371056          0            0

  Job       Hash Range        # Reads      # Bases      Stream Range        # Reads      # Bases
----- --------------------- --------- ------------  --------------------- --------- ------------
    1          1-9178            9031     80009875           1-9178            9272     82380328
    2       9179-9424             241      2370453           1-9424            9272     82380328
